<?xml version="1.0" encoding="UTF-8"?>
<!-- Generated by org.testng.reporters.JUnitReportReporter -->
<testsuite skipped="0" hostname="Sandeepgupta01" name="appium.demo.BaseClass" tests="1" failures="0" timestamp="30 Sep 2019 10:45:55 GMT" time="0.009" errors="0">
  <testcase name="testone" time="0.009" classname="appium.demo.BaseClass"/>
</testsuite> <!-- appium.demo.BaseClass -->
