<?xml version="1.0" encoding="UTF-8"?>
<!-- Generated by org.testng.reporters.JUnitReportReporter -->
<testsuite skipped="0" hostname="Sandeepgupta01" name="appium.demo.Rohit" tests="1" failures="0" timestamp="30 Sep 2019 05:54:19 GMT" time="0.015" errors="0">
  <testcase name="test1" time="0.015" classname="appium.demo.Rohit"/>
</testsuite> <!-- appium.demo.Rohit -->
