<?xml version="1.0" encoding="UTF-8"?>
<!-- Generated by org.testng.reporters.JUnitReportReporter -->
<testsuite skipped="0" hostname="Sandeepgupta01" name="appium.demo.Tests" tests="2" failures="0" timestamp="01 Oct 2019 10:36:19 GMT" time="25.672" errors="0">
  <testcase name="testtwo" time="5.433" classname="appium.demo.Tests"/>
  <testcase name="testOne" time="20.239" classname="appium.demo.Tests"/>
</testsuite> <!-- appium.demo.Tests -->
